<?xml version="1.0" encoding="UTF-8"?>
<!-- Generated by org.testng.reporters.JUnitXMLReporter -->
<testsuite ignored="0" hostname="CT00785" failures="1" tests="8" name="Sauce Demo Tests" time="71.643" errors="0" timestamp="2024-02-21T14:00:24 IST">
  <testcase classname="seleniumJava.qa.tests.Login" name="verifyLoginWithValidCredentials" time="2.404"/>
  <testcase classname="seleniumJava.qa.tests.Login" name="verifyLoginWithValidCredentials" time="2.278"/>
  <testcase classname="seleniumJava.qa.tests.Login" name="verifyLoginWithValidCredentials" time="2.256"/>
  <testcase classname="seleniumJava.qa.tests.Login" name="verifyLoginWithInvalidCredentials" time="2.224">
    <failure type="java.lang.AssertionError" message="FAILED: Invalid login error text is not matching!! expected [123Epic sadface: Username and password do not match any user in this service] but found [Epic sadface: Username and password do not match any user in this service]">
      <![CDATA[java.lang.AssertionError: FAILED: Invalid login error text is not matching!! expected [123Epic sadface: Username and password do not match any user in this service] but found [Epic sadface: Username and password do not match any user in this service]
at seleniumJava.qa.tests.Login.verifyLoginWithInvalidCredentials(Login.java:62)
at java.base/java.util.ArrayList.forEach(ArrayList.java:1511)
... Removed 32 stack frames]]>
    </failure>
  </testcase> <!-- verifyLoginWithInvalidCredentials -->
  <testcase classname="seleniumJava.qa.tests.Login" name="verifyLoginWithoutCredentials" time="0.0">
    <skipped/>
  </testcase> <!-- verifyLoginWithoutCredentials -->
  <testcase classname="seleniumJava.qa.tests.Inventory" name="verifyInventoryDetails" time="2.299"/>
  <testcase classname="seleniumJava.qa.tests.ProductDetails" name="verifyProductDetails" time="6.5"/>
  <testcase classname="seleniumJava.qa.tests.ShoppingCart" name="verifyCartDetails" time="2.419"/>
</testsuite> <!-- Sauce Demo Tests -->
