<?xml version="1.0" encoding="UTF-8"?>
<!-- Generated by org.testng.reporters.JUnitXMLReporter -->
<testsuite ignored="0" hostname="CT00785" failures="1" tests="8" name="Sauce Demo Tests" time="70.49" errors="0" timestamp="2024-02-22T11:02:06 IST">
  <testcase classname="seleniumJava.qa.tests.LoginTest" name="verifyLoginWithValidCredentials" time="2.317"/>
  <testcase classname="seleniumJava.qa.tests.LoginTest" name="verifyLoginWithValidCredentials" time="2.231"/>
  <testcase classname="seleniumJava.qa.tests.LoginTest" name="verifyLoginWithValidCredentials" time="2.22"/>
  <testcase classname="seleniumJava.qa.tests.LoginTest" name="verifyLoginWithInvalidCredentials" time="2.227">
    <failure type="java.lang.AssertionError" message="FAILED: Invalid login error text is not matching!! expected [123Epic sadface: Username and password do not match any user in this service] but found [Epic sadface: Username and password do not match any user in this service]">
      <![CDATA[java.lang.AssertionError: FAILED: Invalid login error text is not matching!! expected [123Epic sadface: Username and password do not match any user in this service] but found [Epic sadface: Username and password do not match any user in this service]
at seleniumJava.qa.tests.LoginTest.verifyLoginWithInvalidCredentials(LoginTest.java:62)
at java.base/java.util.ArrayList.forEach(ArrayList.java:1511)
... Removed 36 stack frames]]>
    </failure>
  </testcase> <!-- verifyLoginWithInvalidCredentials -->
  <testcase classname="seleniumJava.qa.tests.LoginTest" name="verifyLoginWithoutCredentials" time="0.001">
    <skipped/>
  </testcase> <!-- verifyLoginWithoutCredentials -->
  <testcase classname="seleniumJava.qa.tests.InventoryTest" name="verifyInventoryDetails" time="2.257"/>
  <testcase classname="seleniumJava.qa.tests.ProductDetailsTest" name="verifyProductDetails" time="6.395"/>
  <testcase classname="seleniumJava.qa.tests.ShoppingCartTest" name="verifyCartDetails" time="2.346"/>
</testsuite> <!-- Sauce Demo Tests -->
